2025-09-04 19:37:55,011(HH:mm:ss.SSS) [main] DEBUG org.apache.hc.client5.http.impl.io.PoolingHttpClientConnectionManager - ex-0000000001 endpoint leased [route: {s}->[https://raw.githubusercontent.com:443]][total available: 0; route allocated: 1 of 5; total allocated: 1 of 25]
2025-09-04 19:37:55,045(HH:mm:ss.SSS) [main] DEBUG org.apache.hc.client5.http.impl.io.PoolingHttpClientConnectionManager - ex-0000000001 acquired ep-0000000001
2025-09-04 19:37:55,045(HH:mm:ss.SSS) [main] DEBUG org.apache.hc.client5.http.impl.classic.InternalHttpClient - ex-0000000001 acquired endpoint ep-0000000001
2025-09-04 19:37:55,046(HH:mm:ss.SSS) [main] DEBUG org.apache.hc.client5.http.impl.classic.ConnectExec - ex-0000000001 opening connection {s}->[https://raw.githubusercontent.com:443]
2025-09-04 19:37:55,048(HH:mm:ss.SSS) [main] DEBUG org.apache.hc.client5.http.impl.classic.InternalHttpClient - ep-0000000001 connecting endpoint (null)
2025-09-04 19:37:55,052(HH:mm:ss.SSS) [main] DEBUG org.apache.hc.client5.http.impl.io.PoolingHttpClientConnectionManager - ep-0000000001 connecting endpoint to https://raw.githubusercontent.com:443 (30 SECONDS)
2025-09-04 19:37:55,056(HH:mm:ss.SSS) [main] DEBUG org.apache.hc.client5.http.impl.io.DefaultHttpClientConnectionOperator - raw.githubusercontent.com resolving remote address
2025-09-04 19:37:55,059(HH:mm:ss.SSS) [main] DEBUG org.apache.hc.client5.http.impl.io.DefaultHttpClientConnectionOperator - raw.githubusercontent.com resolved to [raw.githubusercontent.com/185.199.111.133, raw.githubusercontent.com/185.199.110.133, raw.githubusercontent.com/185.199.109.133, raw.githubusercontent.com/185.199.108.133, raw.githubusercontent.com/2606:50c0:8000:0:0:0:0:154, raw.githubusercontent.com/2606:50c0:8001:0:0:0:0:154, raw.githubusercontent.com/2606:50c0:8002:0:0:0:0:154, raw.githubusercontent.com/2606:50c0:8003:0:0:0:0:154]
2025-09-04 19:37:55,060(HH:mm:ss.SSS) [main] DEBUG org.apache.hc.client5.http.impl.io.DefaultHttpClientConnectionOperator - https://raw.githubusercontent.com:443 connecting null->raw.githubusercontent.com/185.199.111.133:443 (30 SECONDS)
2025-09-04 19:37:55,171(HH:mm:ss.SSS) [main] DEBUG org.apache.hc.client5.http.impl.io.DefaultHttpClientConnectionOperator - http-outgoing-0 https://raw.githubusercontent.com:443 connected /192.168.1.9:51874->raw.githubusercontent.com/185.199.111.133:443
2025-09-04 19:37:55,173(HH:mm:ss.SSS) [main] DEBUG org.apache.hc.client5.http.impl.io.DefaultManagedHttpClientConnection - http-outgoing-0 set socket timeout to 3 MINUTES
2025-09-04 19:37:55,173(HH:mm:ss.SSS) [main] DEBUG org.apache.hc.client5.http.impl.io.DefaultHttpClientConnectionOperator - http-outgoing-0 https://raw.githubusercontent.com:443 upgrading to TLS
2025-09-04 19:37:55,351(HH:mm:ss.SSS) [main] DEBUG org.apache.hc.client5.http.ssl.AbstractClientTlsStrategy - Enabled protocols: [TLSv1.3, TLSv1.2]
2025-09-04 19:37:55,353(HH:mm:ss.SSS) [main] DEBUG org.apache.hc.client5.http.ssl.AbstractClientTlsStrategy - Enabled cipher suites: [TLS_AES_256_GCM_SHA384, TLS_AES_128_GCM_SHA256, TLS_CHACHA20_POLY1305_SHA256, TLS_ECDHE_ECDSA_WITH_AES_256_GCM_SHA384, TLS_ECDHE_ECDSA_WITH_AES_128_GCM_SHA256, TLS_ECDHE_ECDSA_WITH_CHACHA20_POLY1305_SHA256, TLS_ECDHE_RSA_WITH_AES_256_GCM_SHA384, TLS_ECDHE_RSA_WITH_CHACHA20_POLY1305_SHA256, TLS_ECDHE_RSA_WITH_AES_128_GCM_SHA256, TLS_DHE_RSA_WITH_AES_256_GCM_SHA384, TLS_DHE_RSA_WITH_CHACHA20_POLY1305_SHA256, TLS_DHE_DSS_WITH_AES_256_GCM_SHA384, TLS_DHE_RSA_WITH_AES_128_GCM_SHA256, TLS_DHE_DSS_WITH_AES_128_GCM_SHA256, TLS_ECDHE_ECDSA_WITH_AES_256_CBC_SHA384, TLS_ECDHE_RSA_WITH_AES_256_CBC_SHA384, TLS_ECDHE_ECDSA_WITH_AES_128_CBC_SHA256, TLS_ECDHE_RSA_WITH_AES_128_CBC_SHA256, TLS_DHE_RSA_WITH_AES_256_CBC_SHA256, TLS_DHE_DSS_WITH_AES_256_CBC_SHA256, TLS_DHE_RSA_WITH_AES_128_CBC_SHA256, TLS_DHE_DSS_WITH_AES_128_CBC_SHA256, TLS_ECDH_ECDSA_WITH_AES_256_GCM_SHA384, TLS_ECDH_RSA_WITH_AES_256_GCM_SHA384, TLS_ECDH_ECDSA_WITH_AES_128_GCM_SHA256, TLS_ECDH_RSA_WITH_AES_128_GCM_SHA256, TLS_ECDH_ECDSA_WITH_AES_256_CBC_SHA384, TLS_ECDH_RSA_WITH_AES_256_CBC_SHA384, TLS_ECDH_ECDSA_WITH_AES_128_CBC_SHA256, TLS_ECDH_RSA_WITH_AES_128_CBC_SHA256, TLS_ECDHE_ECDSA_WITH_AES_256_CBC_SHA, TLS_ECDHE_RSA_WITH_AES_256_CBC_SHA, TLS_ECDHE_ECDSA_WITH_AES_128_CBC_SHA, TLS_ECDHE_RSA_WITH_AES_128_CBC_SHA, TLS_DHE_RSA_WITH_AES_256_CBC_SHA, TLS_DHE_DSS_WITH_AES_256_CBC_SHA, TLS_DHE_RSA_WITH_AES_128_CBC_SHA, TLS_DHE_DSS_WITH_AES_128_CBC_SHA, TLS_ECDH_ECDSA_WITH_AES_256_CBC_SHA, TLS_ECDH_RSA_WITH_AES_256_CBC_SHA, TLS_ECDH_ECDSA_WITH_AES_128_CBC_SHA, TLS_ECDH_RSA_WITH_AES_128_CBC_SHA, TLS_RSA_WITH_AES_256_GCM_SHA384, TLS_RSA_WITH_AES_128_GCM_SHA256, TLS_RSA_WITH_AES_256_CBC_SHA256, TLS_RSA_WITH_AES_128_CBC_SHA256, TLS_RSA_WITH_AES_256_CBC_SHA, TLS_RSA_WITH_AES_128_CBC_SHA, TLS_EMPTY_RENEGOTIATION_INFO_SCSV]
2025-09-04 19:37:55,355(HH:mm:ss.SSS) [main] DEBUG org.apache.hc.client5.http.ssl.AbstractClientTlsStrategy - Starting handshake (null)
2025-09-04 19:37:55,732(HH:mm:ss.SSS) [main] DEBUG org.apache.hc.client5.http.ssl.AbstractClientTlsStrategy - Secure session established
2025-09-04 19:37:55,734(HH:mm:ss.SSS) [main] DEBUG org.apache.hc.client5.http.ssl.AbstractClientTlsStrategy -  negotiated protocol: TLSv1.3
2025-09-04 19:37:55,735(HH:mm:ss.SSS) [main] DEBUG org.apache.hc.client5.http.ssl.AbstractClientTlsStrategy -  negotiated cipher suite: TLS_AES_128_GCM_SHA256
2025-09-04 19:37:55,737(HH:mm:ss.SSS) [main] DEBUG org.apache.hc.client5.http.ssl.AbstractClientTlsStrategy -  peer principal: CN=*.github.io
2025-09-04 19:37:55,739(HH:mm:ss.SSS) [main] DEBUG org.apache.hc.client5.http.ssl.AbstractClientTlsStrategy -  peer alternative names: [*.github.io, *.github.com, *.githubusercontent.com, github.com, github.io, githubusercontent.com, www.github.com]
2025-09-04 19:37:55,740(HH:mm:ss.SSS) [main] DEBUG org.apache.hc.client5.http.ssl.AbstractClientTlsStrategy -  issuer principal: CN=Sectigo RSA Domain Validation Secure Server CA, O=Sectigo Limited, L=Salford, ST=Greater Manchester, C=GB
2025-09-04 19:37:55,741(HH:mm:ss.SSS) [main] DEBUG org.apache.hc.client5.http.impl.io.DefaultHttpClientConnectionOperator - http-outgoing-0 https://raw.githubusercontent.com:443 upgraded to TLS
2025-09-04 19:37:55,741(HH:mm:ss.SSS) [main] DEBUG org.apache.hc.client5.http.impl.io.PoolingHttpClientConnectionManager - ep-0000000001 connected http-outgoing-0
2025-09-04 19:37:55,742(HH:mm:ss.SSS) [main] DEBUG org.apache.hc.client5.http.impl.classic.InternalHttpClient - ep-0000000001 endpoint connected
2025-09-04 19:37:55,743(HH:mm:ss.SSS) [main] DEBUG org.apache.hc.client5.http.impl.classic.MainClientExec - ex-0000000001 executing GET /bonigarcia/webdrivermanager/master/src/main/resources/commands.properties
2025-09-04 19:37:55,744(HH:mm:ss.SSS) [main] DEBUG org.apache.hc.client5.http.protocol.RequestAddCookies - ex-0000000001 Cookie spec selected: strict
2025-09-04 19:37:55,760(HH:mm:ss.SSS) [main] DEBUG org.apache.hc.client5.http.impl.classic.InternalHttpClient - ep-0000000001 start execution ex-0000000001
2025-09-04 19:37:55,762(HH:mm:ss.SSS) [main] DEBUG org.apache.hc.client5.http.impl.io.PoolingHttpClientConnectionManager - ep-0000000001 executing exchange ex-0000000001 over http-outgoing-0
2025-09-04 19:37:55,764(HH:mm:ss.SSS) [main] DEBUG org.apache.hc.client5.http.headers - http-outgoing-0 >> GET /bonigarcia/webdrivermanager/master/src/main/resources/commands.properties HTTP/1.1
2025-09-04 19:37:55,764(HH:mm:ss.SSS) [main] DEBUG org.apache.hc.client5.http.headers - http-outgoing-0 >> user-agent: Apache-HttpClient/5.0
2025-09-04 19:37:55,764(HH:mm:ss.SSS) [main] DEBUG org.apache.hc.client5.http.headers - http-outgoing-0 >> accept-encoding: gzip, deflate, br
2025-09-04 19:37:55,764(HH:mm:ss.SSS) [main] DEBUG org.apache.hc.client5.http.headers - http-outgoing-0 >> cache-control: max-age=0
2025-09-04 19:37:55,765(HH:mm:ss.SSS) [main] DEBUG org.apache.hc.client5.http.headers - http-outgoing-0 >> connection: keep-alive
2025-09-04 19:37:55,765(HH:mm:ss.SSS) [main] DEBUG org.apache.hc.client5.http.headers - http-outgoing-0 >> Host: raw.githubusercontent.com
2025-09-04 19:37:55,766(HH:mm:ss.SSS) [main] DEBUG org.apache.hc.client5.http.wire - http-outgoing-0 >> "GET /bonigarcia/webdrivermanager/master/src/main/resources/commands.properties HTTP/1.1[\r][\n]"
2025-09-04 19:37:55,766(HH:mm:ss.SSS) [main] DEBUG org.apache.hc.client5.http.wire - http-outgoing-0 >> "user-agent: Apache-HttpClient/5.0[\r][\n]"
2025-09-04 19:37:55,766(HH:mm:ss.SSS) [main] DEBUG org.apache.hc.client5.http.wire - http-outgoing-0 >> "accept-encoding: gzip, deflate, br[\r][\n]"
2025-09-04 19:37:55,767(HH:mm:ss.SSS) [main] DEBUG org.apache.hc.client5.http.wire - http-outgoing-0 >> "cache-control: max-age=0[\r][\n]"
2025-09-04 19:37:55,767(HH:mm:ss.SSS) [main] DEBUG org.apache.hc.client5.http.wire - http-outgoing-0 >> "connection: keep-alive[\r][\n]"
2025-09-04 19:37:55,767(HH:mm:ss.SSS) [main] DEBUG org.apache.hc.client5.http.wire - http-outgoing-0 >> "Host: raw.githubusercontent.com[\r][\n]"
2025-09-04 19:37:55,768(HH:mm:ss.SSS) [main] DEBUG org.apache.hc.client5.http.wire - http-outgoing-0 >> "[\r][\n]"
2025-09-04 19:37:55,882(HH:mm:ss.SSS) [main] DEBUG org.apache.hc.client5.http.wire - http-outgoing-0 << "HTTP/1.1 200 OK[\r][\n]"
2025-09-04 19:37:55,882(HH:mm:ss.SSS) [main] DEBUG org.apache.hc.client5.http.wire - http-outgoing-0 << "Connection: keep-alive[\r][\n]"
2025-09-04 19:37:55,884(HH:mm:ss.SSS) [main] DEBUG org.apache.hc.client5.http.wire - http-outgoing-0 << "Content-Length: 946[\r][\n]"
2025-09-04 19:37:55,886(HH:mm:ss.SSS) [main] DEBUG org.apache.hc.client5.http.wire - http-outgoing-0 << "Cache-Control: max-age=300[\r][\n]"
2025-09-04 19:37:55,887(HH:mm:ss.SSS) [main] DEBUG org.apache.hc.client5.http.wire - http-outgoing-0 << "Content-Security-Policy: default-src 'none'; style-src 'unsafe-inline'; sandbox[\r][\n]"
2025-09-04 19:37:55,888(HH:mm:ss.SSS) [main] DEBUG org.apache.hc.client5.http.wire - http-outgoing-0 << "Content-Type: text/plain; charset=utf-8[\r][\n]"
2025-09-04 19:37:55,888(HH:mm:ss.SSS) [main] DEBUG org.apache.hc.client5.http.wire - http-outgoing-0 << "ETag: W/"dc0c32cea2dfa86f6cf10513cf8a64e1e8817484a415b658b4eecd962d4deaee"[\r][\n]"
2025-09-04 19:37:55,889(HH:mm:ss.SSS) [main] DEBUG org.apache.hc.client5.http.wire - http-outgoing-0 << "Strict-Transport-Security: max-age=31536000[\r][\n]"
2025-09-04 19:37:55,890(HH:mm:ss.SSS) [main] DEBUG org.apache.hc.client5.http.wire - http-outgoing-0 << "X-Content-Type-Options: nosniff[\r][\n]"
2025-09-04 19:37:55,891(HH:mm:ss.SSS) [main] DEBUG org.apache.hc.client5.http.wire - http-outgoing-0 << "X-Frame-Options: deny[\r][\n]"
2025-09-04 19:37:55,892(HH:mm:ss.SSS) [main] DEBUG org.apache.hc.client5.http.wire - http-outgoing-0 << "X-XSS-Protection: 1; mode=block[\r][\n]"
2025-09-04 19:37:55,893(HH:mm:ss.SSS) [main] DEBUG org.apache.hc.client5.http.wire - http-outgoing-0 << "X-GitHub-Request-Id: 9F8C:1B900:7C627:124DE6:689BA877[\r][\n]"
2025-09-04 19:37:55,893(HH:mm:ss.SSS) [main] DEBUG org.apache.hc.client5.http.wire - http-outgoing-0 << "Content-Encoding: gzip[\r][\n]"
2025-09-04 19:37:55,894(HH:mm:ss.SSS) [main] DEBUG org.apache.hc.client5.http.wire - http-outgoing-0 << "Accept-Ranges: bytes[\r][\n]"
2025-09-04 19:37:55,896(HH:mm:ss.SSS) [main] DEBUG org.apache.hc.client5.http.wire - http-outgoing-0 << "Date: Thu, 04 Sep 2025 14:07:54 GMT[\r][\n]"
2025-09-04 19:37:55,897(HH:mm:ss.SSS) [main] DEBUG org.apache.hc.client5.http.wire - http-outgoing-0 << "Via: 1.1 varnish[\r][\n]"
2025-09-04 19:37:55,897(HH:mm:ss.SSS) [main] DEBUG org.apache.hc.client5.http.wire - http-outgoing-0 << "X-Served-By: cache-ccu830032-CCU[\r][\n]"
2025-09-04 19:37:55,898(HH:mm:ss.SSS) [main] DEBUG org.apache.hc.client5.http.wire - http-outgoing-0 << "X-Cache: HIT[\r][\n]"
2025-09-04 19:37:55,899(HH:mm:ss.SSS) [main] DEBUG org.apache.hc.client5.http.wire - http-outgoing-0 << "X-Cache-Hits: 2[\r][\n]"
2025-09-04 19:37:55,899(HH:mm:ss.SSS) [main] DEBUG org.apache.hc.client5.http.wire - http-outgoing-0 << "X-Timer: S1756994874.235437,VS0,VE0[\r][\n]"
2025-09-04 19:37:55,901(HH:mm:ss.SSS) [main] DEBUG org.apache.hc.client5.http.wire - http-outgoing-0 << "Vary: Authorization,Accept-Encoding[\r][\n]"
2025-09-04 19:37:55,903(HH:mm:ss.SSS) [main] DEBUG org.apache.hc.client5.http.wire - http-outgoing-0 << "Access-Control-Allow-Origin: *[\r][\n]"
2025-09-04 19:37:55,905(HH:mm:ss.SSS) [main] DEBUG org.apache.hc.client5.http.wire - http-outgoing-0 << "Cross-Origin-Resource-Policy: cross-origin[\r][\n]"
2025-09-04 19:37:55,905(HH:mm:ss.SSS) [main] DEBUG org.apache.hc.client5.http.wire - http-outgoing-0 << "X-Fastly-Request-ID: d1467922fa32adcde6ef48a97afc1e3751333687[\r][\n]"
2025-09-04 19:37:55,906(HH:mm:ss.SSS) [main] DEBUG org.apache.hc.client5.http.wire - http-outgoing-0 << "Expires: Thu, 04 Sep 2025 14:12:54 GMT[\r][\n]"
2025-09-04 19:37:55,906(HH:mm:ss.SSS) [main] DEBUG org.apache.hc.client5.http.wire - http-outgoing-0 << "Source-Age: 290[\r][\n]"
2025-09-04 19:37:55,907(HH:mm:ss.SSS) [main] DEBUG org.apache.hc.client5.http.wire - http-outgoing-0 << "[\r][\n]"
2025-09-04 19:37:55,919(HH:mm:ss.SSS) [main] DEBUG org.apache.hc.client5.http.headers - http-outgoing-0 << HTTP/1.1 200 OK
2025-09-04 19:37:55,919(HH:mm:ss.SSS) [main] DEBUG org.apache.hc.client5.http.headers - http-outgoing-0 << Connection: keep-alive
2025-09-04 19:37:55,920(HH:mm:ss.SSS) [main] DEBUG org.apache.hc.client5.http.headers - http-outgoing-0 << Content-Length: 946
2025-09-04 19:37:55,921(HH:mm:ss.SSS) [main] DEBUG org.apache.hc.client5.http.headers - http-outgoing-0 << Cache-Control: max-age=300
2025-09-04 19:37:55,921(HH:mm:ss.SSS) [main] DEBUG org.apache.hc.client5.http.headers - http-outgoing-0 << Content-Security-Policy: default-src 'none'; style-src 'unsafe-inline'; sandbox
2025-09-04 19:37:55,921(HH:mm:ss.SSS) [main] DEBUG org.apache.hc.client5.http.headers - http-outgoing-0 << Content-Type: text/plain; charset=utf-8
2025-09-04 19:37:55,923(HH:mm:ss.SSS) [main] DEBUG org.apache.hc.client5.http.headers - http-outgoing-0 << ETag: W/"dc0c32cea2dfa86f6cf10513cf8a64e1e8817484a415b658b4eecd962d4deaee"
2025-09-04 19:37:55,923(HH:mm:ss.SSS) [main] DEBUG org.apache.hc.client5.http.headers - http-outgoing-0 << Strict-Transport-Security: max-age=31536000
2025-09-04 19:37:55,924(HH:mm:ss.SSS) [main] DEBUG org.apache.hc.client5.http.headers - http-outgoing-0 << X-Content-Type-Options: nosniff
2025-09-04 19:37:55,924(HH:mm:ss.SSS) [main] DEBUG org.apache.hc.client5.http.headers - http-outgoing-0 << X-Frame-Options: deny
2025-09-04 19:37:55,924(HH:mm:ss.SSS) [main] DEBUG org.apache.hc.client5.http.headers - http-outgoing-0 << X-XSS-Protection: 1; mode=block
2025-09-04 19:37:55,924(HH:mm:ss.SSS) [main] DEBUG org.apache.hc.client5.http.headers - http-outgoing-0 << X-GitHub-Request-Id: 9F8C:1B900:7C627:124DE6:689BA877
2025-09-04 19:37:55,925(HH:mm:ss.SSS) [main] DEBUG org.apache.hc.client5.http.headers - http-outgoing-0 << Content-Encoding: gzip
2025-09-04 19:37:55,925(HH:mm:ss.SSS) [main] DEBUG org.apache.hc.client5.http.headers - http-outgoing-0 << Accept-Ranges: bytes
2025-09-04 19:37:55,925(HH:mm:ss.SSS) [main] DEBUG org.apache.hc.client5.http.headers - http-outgoing-0 << Date: Thu, 04 Sep 2025 14:07:54 GMT
2025-09-04 19:37:55,926(HH:mm:ss.SSS) [main] DEBUG org.apache.hc.client5.http.headers - http-outgoing-0 << Via: 1.1 varnish
2025-09-04 19:37:55,926(HH:mm:ss.SSS) [main] DEBUG org.apache.hc.client5.http.headers - http-outgoing-0 << X-Served-By: cache-ccu830032-CCU
2025-09-04 19:37:55,927(HH:mm:ss.SSS) [main] DEBUG org.apache.hc.client5.http.headers - http-outgoing-0 << X-Cache: HIT
2025-09-04 19:37:55,927(HH:mm:ss.SSS) [main] DEBUG org.apache.hc.client5.http.headers - http-outgoing-0 << X-Cache-Hits: 2
2025-09-04 19:37:55,927(HH:mm:ss.SSS) [main] DEBUG org.apache.hc.client5.http.headers - http-outgoing-0 << X-Timer: S1756994874.235437,VS0,VE0
2025-09-04 19:37:55,928(HH:mm:ss.SSS) [main] DEBUG org.apache.hc.client5.http.headers - http-outgoing-0 << Vary: Authorization,Accept-Encoding
2025-09-04 19:37:55,928(HH:mm:ss.SSS) [main] DEBUG org.apache.hc.client5.http.headers - http-outgoing-0 << Access-Control-Allow-Origin: *
2025-09-04 19:37:55,929(HH:mm:ss.SSS) [main] DEBUG org.apache.hc.client5.http.headers - http-outgoing-0 << Cross-Origin-Resource-Policy: cross-origin
2025-09-04 19:37:55,930(HH:mm:ss.SSS) [main] DEBUG org.apache.hc.client5.http.headers - http-outgoing-0 << X-Fastly-Request-ID: d1467922fa32adcde6ef48a97afc1e3751333687
2025-09-04 19:37:55,930(HH:mm:ss.SSS) [main] DEBUG org.apache.hc.client5.http.headers - http-outgoing-0 << Expires: Thu, 04 Sep 2025 14:12:54 GMT
2025-09-04 19:37:55,931(HH:mm:ss.SSS) [main] DEBUG org.apache.hc.client5.http.headers - http-outgoing-0 << Source-Age: 290
2025-09-04 19:37:55,941(HH:mm:ss.SSS) [main] DEBUG org.apache.hc.client5.http.impl.classic.MainClientExec - ex-0000000001 connection can be kept alive for 3 MINUTES
2025-09-04 19:37:55,976(HH:mm:ss.SSS) [main] DEBUG org.apache.hc.client5.http.wire - http-outgoing-0 << "[0x1f][0xffffff8b][0x8][0x0][0x0][0x0][0x0][0x0][0x0][0x3][0xffffffb5]X[0xffffffd1]n[0xffffffda]0[0x14]}[0xffffffe7]+,[0xffffffba]J [0x11][0xffffffb2][0x1][0xffffffeb][0xffffffaa]Jy[0xffffffa0][0x19]e[0xffffffd5][0xffffffa8]`[0xffffffd0]v[0xffffff9b][0xffffffe4][0x17][0xffffff93]8`)[0xffffff89]Q[0xffffff9c]@[0xffffffb7][0xffffffa9][0xfffffffb][0xfffffff6]9NB[0xffffffe3]$[0xc]H[0xffffffe0][0xffffffad][0xffffff8e][0xffffff8f][0xffffffef]97[0xffffffdc]s}[0xffffffd3][0xb][0xffffffa0]S[0xffffffc7]A[0xffffffae][0xffffffc9][0xffffff80][0xffffff89]|4G[0xc][0xffffffd7].[0xffffffc0][0xffffffe3][0xffffff92]0`[0x11][0x1b][0x3][0xffffff83][0xffffffba]>".[0x3][0xfffffffe]2\[0xffffffc4]P[0xffffff9f][0xffffff82]9[0x6][0xfffffff8][0x5][0x1b][0xffffff81][0xffffff8f]M@\[0xffffffb1][0xffffffcd][0xffffff96][0xffffffd8][0xffffffb6][0xffffffc3][0x5][0xfffffff5]L[0xffffffec][0xffffff85] [0x13][0xfffffffb][0xffffffd8][0xfffffff0][0xffffffc5][0xffffffe6][0x1a]{[0xffffff8c]P[0xffffffbe]g[0x1][0xffffffcc][0xffffffff]^x[0x18][0xffffffbb]`[0xffffffee][0xffffffd1][\r][0xffffffe3][0x1b][0xffffff9c][0xffffffb2][0xffffffa1]/=[0xffffffea][0xffffffe0][0x16][0xffffffb8]#[0x1e][0xffffffb6][0xffffffe8]K[0xb][0xffffff8c]W[0xffffffd8]C-00[0x17][0xfffffffc][0xffffffa9][0xffffffd8]%[0xffffff81][0xffffffd3][0xc][0xffffffe3][0xffffff9b][0xffffffc4][0xffffffb2][0xffffffb0][0xffffff87]][0x1f][0xffffffd0][0x10][0xffffffe3][0x13]w[0x1][0xffffffd8]/[0xffffffe6]c[0xffffff87][0xffffff81][0xffffffc6]w[0xffffffe2][0xffffff9a]<j[0xb][0xffffff8c][0xffffff88][0x1b][0xfffffff0]0[0xf][0xffffffc8][0x0][0xffffffe3]Y[0xffffffb3][0xffffffc6]9"[0xffffff8a]Z[0xffffff9c]F[0xffffffdb][0x10][0xffffffcb][0xfffffff6]&:[0xffffffd0]~[0xffffffff]A3[0x1c][0xffffffb3][0xffffffcd][0xffffffb3][0x2][0xffffffaa][0xe]6[0xe]1[0xffffffc4]+[0x11][0xffffffaf]a[0xffffffb3][0xffffffe4]|[0xffffffc0]E[0xe][0xffffffd6][0xffffffea][0xffffff97][0xffffff93][0xffffffe9]x8[0xffffffed]?[0xffffffdc][0xffffffdd][0xffffff8f][0x6][0xffffffb3][0x1b][0xffffffa8]Ax[0x9][0xffffffe1][0xffffff90][0xffffffd2][0xffffff85][0xffffff8d]![0xffffff8c]( [0xffffffec][0xffffffaf]V61[0xffffffb8]4[0xffffffea]B[0x18][0x13][0xfffffff1][0xffffffc8]u[0xffffffb0][0xffffffc0]>x[0xffffff8e][0xffffffdf][0xffffff85][0xffffffba]Fv[0xffffffb0][O[0xffffffa7][0xffffff84][0xffffff9e][0xffffffc6][0xffffff8f][0xffffffeb][0xffffffab][0xffffffe6]9Eu[0xf][0x14]5[0x1a][0xffffffeb][0xfffffffd]Q[0x7f]2[0xfffffff9][0xffffffdc][0x7f][0xffffffec][0xffffff9f]SOO[0xffffff9b][0xe][0xffffff86][0xffffffe0][0xffffffdb][0xffffffd3]`[0xfffffffa][0x13]|[0xfffffff9][0xffffffaa]?[0xffffffc1][0x19][0xffffffb5][0xfffffffc][\r][0xfffffff2]p[0xffffffc2][0x16][0xffffff93][0xffffffdd][0xffffff8e]n12D[0xffffffbc][0xffffffa4][0x16]w[0xffffffc6][0xfffffffc][0xffffffa8][0xffffffad][0xffffffe8][0xffffff86]c[0xffffffc2]z[0x16][0xffffffa9]*[0xffffffb1]I@c[0xffffff88]}[0xffffffe5][0xffffff9e][0x17][0x1a][0xffffffa8][0xffffffbf][0xfffffffb][0xffffff83][0xffffffdd][0xfffffff5]M:[0xffffffcd][0xffffffd7][0xc]e:[0xffffffbd]Tv[0xffffffcd]v[0xffffff9c][0xffffffda][0xffffffbd]k[0xffffffd1][0xfffffff6][0xffffffc4][0xffffffa3]f`[0xfffffff8][0xffffffcf]{$][0x1d].)W[0xe][0xffffffe7][0xffffffd4][0xfffffff5][0xffffffa9][0xffffff9c][0xffffffae]SH[0xffffffca]j[0xffffffb2]C[0xffffffbf][0xffffff87].V[0x3][0xffffffe6][0xffffffa9]s[0xffffffe2][0xffffffaa][0xb][0xffffffc1][0xffffffa1]D[0xfffffffb]@Qv[0xfffffffc][0xffffffee][0xfffffff1][0xffffffc1][0xffffff8e][0xffffffb6][0xb][0xffffff9f]=[0xffffffe0] C[0xfffffff0][0xffffffa4]T35J([0xffffffee]1m[0xffffffb4]Z[0xffffffa9]:[0xffffffef][0xffffff9d][0xffffffbc]I1[0xffffff95][0xffffffb7][0xffffffa0][0xfffffff1]L[0x6][0xffffffa4][0xffffffa3][0xfffffff3][0xffffffce][0x14]7[0xffffffbd]-[0xffffff91][0x15][0xffffffad]O[0xffffffd3][0xffffff9b][0x1e][0xffffffe8]ob[0xffffffdb](![0xffffff81]0[0xffffff89][0xffffffbe][0xffffffcf]k9[0x15][0xffffff95];[0xffffffd2][0xffffffe9][0xffffffa4]tS[0xffffffbe][0xffffffaf][0xffffffcb][0xffffffc6][0xffffff8f]I[0xffffffb2]d[0xfffffff5][0xffffffd0][0xfffffffa]z[0xffffffe0][0xffffff85][0x17]G[0xffffffb6][0xffffffac]s[0xffffffe1]{[0xffffff95][0xfffffffc][0x16]1[0xffffffff][0xfffffffd] [0xffffffa5]w[0xffffff90][0xffffffbf]rB[0xffffff8e][0xffffffe8]E[0xffffffb2][0xffffffc1][0xffffff8e][0xffffffd7][0xffffff90][0x13][0xffffff91]wT[0xffffffbc][0x3][0xffffff94][0xfffffff5].pGKar[0xffffffa0]B[0xffffffe7][0xffffffc4][0xffffffbf]O[0xffffff91]g[0xffffffd2][0xffffffb1][0xffffffb8]M[0xffffffc2]Y`[0x1b][0x13][0xfffffff3]E5[0xffffff83][0xffffffc8][0xffffffa5]I[0xc][0xffffff8f]2^C[0x10][0xffffff86]4[0xffffff99][0xffffffdb][0xffffffc9]a[0xffffff82]n_[0xffffff99][0xffffffca][0xffffff9a][0xffffffca][0xffffffd8][0xffffffe5][0xffffff8c]r[0xffffffba];[0xffffffaf][0xffffffca]72[0xffffffc1][0xfffffff5][0xffffffbf][0xffffffbb]R[0xe]Y[0xffffffd2]&[0xffffffaf]Y[0xffffffc6]tr[0xffffffa9][0xffffffdc][0xe][0xffffffb2][0xffffff8c][0xffffffac][0xffffffa8][0xffffffa4]_[0x12][0xffffffe3]V[0xffffff97]U[0xffffff93][0xffffff85][0xffffffe5]=[0xffffffe4]$[0x1c]J[0x8]([0xffffffb8][0xffffff96][0xffffffd2][0xffffffe7]:[0xffffffda]N[0xffffffb8][0xffffff8c]/t[0xffffffd6]6[0x1d][0xffffffe1][0xffffff9c]"[0xffffff83][0xffffffc9][0x8] ]Jb[0x0][0xffffffdf][0xffffffb2][0xffffff88]Q[0xfffffffb]x[0xffffffbf][0x15][0xffffffcd][0xffffff81][0xfffffffc][0xffffff8d]-<[0xffffffe4]0[0x8][0x5][0x5][0xffffff84]Q[0xffffffec]}[0xffffffd5][0xffffff9c]QP[0xffffffc5]][0xffffffa7]QPe[0x16][0xffffff8e]ym[0x14][0xffffffb8][0x6][0xffffffc7][0x1e]K[0xffffffdd][0xffffffab][0xffffff90]|E[0xffffffea][0xffffffd2]7R[0xffffffc4]+[0xffffffd1][0x1e]d[0xfffffff0][0xc][0xffffffff][0x11][0xffffffa3][0xffffffb0]<[0xffffff9d][0xffffff9f][0xffffff88][0xffffffbf][0xfffffff4][0xffffffc8][0xffffffbb]-[0xffffffba]H[0xffffffc8][[0xffffffc9][0xffffff95]Qq][0xfffffff6]-[0xffffff94]S[0xffffff91][0xffffff91][0xffffff91][0xffffffef]j[0xffffffe2]yA3[0xffffff93][0xfffffff0][0x1d]-[0xb][0xffffffcb][0xffffffe0][\n]"
2025-09-04 19:37:55,977(HH:mm:ss.SSS) [main] DEBUG org.apache.hc.client5.http.wire - http-outgoing-0 << "[0xffffffbb][0xffffff98][0x10]Z[0xffffffd4][0xffffffbc][0xffffffc6][0xffffffd9]`[0xffffffc9]7>[0x9][0x1c]yf[0xffffffe7][0xf]N[0xffffffd3][0xffffffba][0xffffff92][0xfffffff0][0x15]>^%-[0xffffff95]'[0xffffffea]S[0xb]:[0xffffffb4][0xffffffa7][0x15]5[0xffffff96]Sk)=]l[0xffffff85]T[0xfffffffe][0xffffffd4][0xffffff95][0xfffffff4]T[0xffffff9b]-[0xffffffce]$[0xffffffaa]t;[0xffffffac][0xffffffa4]'/([0xffffffdf][0x12][0xffffff92]-%[0xfffffffe]7[0xffffffdf][0xffffffae]/[0xfffffff0][0xffffffd4]in[0xffffff87][0xffffffe3][0xf]u[0xfffffff3][0xffffff94][0x7][0xffffff9c][0xffffffea]i[0x5][0xffffffe0]<[0xffffffba][0xffffffb0]#%[0xffffffaf][0xffffffae][0xffffffa8])[0xffffffe9][0x5]Q/[0xffffffc0][0xc]Y[0xffffffc8]#[0xffffffdb][0xfffffff0]L,[0xffffff8b][0xffffff83]G[0xffffffd0][0xffffffa2][0xffffffd0][0xffffffd1]N*[0xfffffff0]?l[0x1d]d@[0xffffffbe][0x15][0x0][0x0]"
2025-09-04 19:37:55,983(HH:mm:ss.SSS) [main] DEBUG org.apache.hc.client5.http.impl.classic.InternalHttpClient - ep-0000000001 releasing valid endpoint
2025-09-04 19:37:55,986(HH:mm:ss.SSS) [main] DEBUG org.apache.hc.client5.http.impl.io.PoolingHttpClientConnectionManager - ep-0000000001 releasing endpoint
2025-09-04 19:37:55,987(HH:mm:ss.SSS) [main] DEBUG org.apache.hc.client5.http.impl.io.PoolingHttpClientConnectionManager - ep-0000000001 connection http-outgoing-0 can be kept alive for 3 MINUTES
2025-09-04 19:37:55,989(HH:mm:ss.SSS) [main] DEBUG org.apache.hc.client5.http.impl.io.PoolingHttpClientConnectionManager - ep-0000000001 connection released [route: {s}->[https://raw.githubusercontent.com:443]][total available: 1; route allocated: 1 of 5; total allocated: 1 of 25]
2025-09-04 19:37:55,990(HH:mm:ss.SSS) [main] DEBUG io.github.bonigarcia.wdm.versions.VersionDetector - Detecting edge version using online commands.properties
2025-09-04 19:37:55,997(HH:mm:ss.SSS) [main] DEBUG io.github.bonigarcia.wdm.versions.Shell - Running command on the shell: [powershell.exe, -Command, (Get-Item "${env:PROGRAMFILES(X86)}\Microsoft\Edge\Application\msedge.exe").VersionInfo.ProductVersion]
2025-09-04 19:37:56,656(HH:mm:ss.SSS) [main] DEBUG io.github.bonigarcia.wdm.versions.Shell - Result: 139.0.3405.102
2025-09-04 19:37:56,664(HH:mm:ss.SSS) [main] DEBUG org.apache.hc.client5.http.impl.classic.InternalHttpClient - ex-0000000002 preparing request execution
2025-09-04 19:37:56,667(HH:mm:ss.SSS) [main] DEBUG org.apache.hc.client5.http.impl.classic.ProtocolExec - ex-0000000002 target auth state: UNCHALLENGED
2025-09-04 19:37:56,667(HH:mm:ss.SSS) [main] DEBUG org.apache.hc.client5.http.impl.classic.ProtocolExec - ex-0000000002 proxy auth state: UNCHALLENGED
2025-09-04 19:37:56,668(HH:mm:ss.SSS) [main] DEBUG org.apache.hc.client5.http.impl.classic.ConnectExec - ex-0000000002 acquiring connection with route {s}->[https://msedgedriver.azureedge.net:443]
2025-09-04 19:37:56,669(HH:mm:ss.SSS) [main] DEBUG org.apache.hc.client5.http.impl.classic.InternalHttpClient - ex-0000000002 acquiring endpoint (3 MINUTES)
2025-09-04 19:37:56,669(HH:mm:ss.SSS) [main] DEBUG org.apache.hc.client5.http.impl.io.PoolingHttpClientConnectionManager - ex-0000000002 endpoint lease request (3 MINUTES) [route: {s}->[https://msedgedriver.azureedge.net:443]][total available: 1; route allocated: 0 of 5; total allocated: 1 of 25]
2025-09-04 19:37:56,673(HH:mm:ss.SSS) [main] DEBUG org.apache.hc.client5.http.impl.io.PoolingHttpClientConnectionManager - ex-0000000002 endpoint leased [route: {s}->[https://msedgedriver.azureedge.net:443]][total available: 1; route allocated: 1 of 5; total allocated: 2 of 25]
2025-09-04 19:37:56,674(HH:mm:ss.SSS) [main] DEBUG org.apache.hc.client5.http.impl.io.PoolingHttpClientConnectionManager - ex-0000000002 acquired ep-0000000002
2025-09-04 19:37:56,676(HH:mm:ss.SSS) [main] DEBUG org.apache.hc.client5.http.impl.classic.InternalHttpClient - ex-0000000002 acquired endpoint ep-0000000002
2025-09-04 19:37:56,677(HH:mm:ss.SSS) [main] DEBUG org.apache.hc.client5.http.impl.classic.ConnectExec - ex-0000000002 opening connection {s}->[https://msedgedriver.azureedge.net:443]
2025-09-04 19:37:56,678(HH:mm:ss.SSS) [main] DEBUG org.apache.hc.client5.http.impl.classic.InternalHttpClient - ep-0000000002 connecting endpoint (null)
2025-09-04 19:37:56,678(HH:mm:ss.SSS) [main] DEBUG org.apache.hc.client5.http.impl.io.PoolingHttpClientConnectionManager - ep-0000000002 connecting endpoint to https://msedgedriver.azureedge.net:443 (30 SECONDS)
2025-09-04 19:37:56,679(HH:mm:ss.SSS) [main] DEBUG org.apache.hc.client5.http.impl.io.DefaultHttpClientConnectionOperator - msedgedriver.azureedge.net resolving remote address
2025-09-04 19:37:56,766(HH:mm:ss.SSS) [main] DEBUG org.apache.hc.client5.http.impl.io.DefaultManagedHttpClientConnection - http-outgoing-1 close connection IMMEDIATE
2025-09-04 19:37:56,769(HH:mm:ss.SSS) [main] DEBUG org.apache.hc.client5.http.impl.classic.InternalHttpClient - ep-0000000002 endpoint closed
2025-09-04 19:37:56,769(HH:mm:ss.SSS) [main] DEBUG org.apache.hc.client5.http.impl.classic.InternalHttpClient - ep-0000000002 discarding endpoint
2025-09-04 19:37:56,770(HH:mm:ss.SSS) [main] DEBUG org.apache.hc.client5.http.impl.io.PoolingHttpClientConnectionManager - ep-0000000002 releasing endpoint
2025-09-04 19:37:56,771(HH:mm:ss.SSS) [main] DEBUG org.apache.hc.client5.http.impl.io.PoolingHttpClientConnectionManager - ep-0000000002 connection is not kept alive)
2025-09-04 19:37:56,772(HH:mm:ss.SSS) [main] DEBUG org.apache.hc.client5.http.impl.io.PoolingHttpClientConnectionManager - ep-0000000002 connection released [route: {s}->[https://msedgedriver.azureedge.net:443]][total available: 1; route allocated: 0 of 5; total allocated: 1 of 25]
2025-09-04 19:37:56,773(HH:mm:ss.SSS) [main] WARN  io.github.bonigarcia.wdm.versions.VersionDetector - Exception reading https://msedgedriver.azureedge.net/LATEST_RELEASE_139_WINDOWS to get latest version of msedgedriver (No such host is known (msedgedriver.azureedge.net))
2025-09-04 19:37:56,774(HH:mm:ss.SSS) [main] DEBUG io.github.bonigarcia.wdm.WebDriverManager - The driver version for EDGE 139 is unknown ... trying with latest
2025-09-04 19:37:56,778(HH:mm:ss.SSS) [main] DEBUG org.apache.hc.client5.http.impl.classic.InternalHttpClient - ex-0000000003 preparing request execution
2025-09-04 19:37:56,779(HH:mm:ss.SSS) [main] DEBUG org.apache.hc.client5.http.impl.classic.ProtocolExec - ex-0000000003 target auth state: UNCHALLENGED
2025-09-04 19:37:56,780(HH:mm:ss.SSS) [main] DEBUG org.apache.hc.client5.http.impl.classic.ProtocolExec - ex-0000000003 proxy auth state: UNCHALLENGED
2025-09-04 19:37:56,781(HH:mm:ss.SSS) [main] DEBUG org.apache.hc.client5.http.impl.classic.ConnectExec - ex-0000000003 acquiring connection with route {s}->[https://msedgedriver.azureedge.net:443]
2025-09-04 19:37:56,781(HH:mm:ss.SSS) [main] DEBUG org.apache.hc.client5.http.impl.classic.InternalHttpClient - ex-0000000003 acquiring endpoint (3 MINUTES)
2025-09-04 19:37:56,782(HH:mm:ss.SSS) [main] DEBUG org.apache.hc.client5.http.impl.io.PoolingHttpClientConnectionManager - ex-0000000003 endpoint lease request (3 MINUTES) [route: {s}->[https://msedgedriver.azureedge.net:443]][total available: 1; route allocated: 0 of 5; total allocated: 1 of 25]
2025-09-04 19:37:56,786(HH:mm:ss.SSS) [main] DEBUG org.apache.hc.client5.http.impl.io.PoolingHttpClientConnectionManager - ex-0000000003 endpoint leased [route: {s}->[https://msedgedriver.azureedge.net:443]][total available: 1; route allocated: 1 of 5; total allocated: 2 of 25]
2025-09-04 19:37:56,787(HH:mm:ss.SSS) [main] DEBUG org.apache.hc.client5.http.impl.io.PoolingHttpClientConnectionManager - ex-0000000003 acquired ep-0000000003
2025-09-04 19:37:56,788(HH:mm:ss.SSS) [main] DEBUG org.apache.hc.client5.http.impl.classic.InternalHttpClient - ex-0000000003 acquired endpoint ep-0000000003
2025-09-04 19:37:56,789(HH:mm:ss.SSS) [main] DEBUG org.apache.hc.client5.http.impl.classic.ConnectExec - ex-0000000003 opening connection {s}->[https://msedgedriver.azureedge.net:443]
2025-09-04 19:37:56,789(HH:mm:ss.SSS) [main] DEBUG org.apache.hc.client5.http.impl.classic.InternalHttpClient - ep-0000000003 connecting endpoint (null)
2025-09-04 19:37:56,790(HH:mm:ss.SSS) [main] DEBUG org.apache.hc.client5.http.impl.io.PoolingHttpClientConnectionManager - ep-0000000003 connecting endpoint to https://msedgedriver.azureedge.net:443 (30 SECONDS)
2025-09-04 19:37:56,791(HH:mm:ss.SSS) [main] DEBUG org.apache.hc.client5.http.impl.io.DefaultHttpClientConnectionOperator - msedgedriver.azureedge.net resolving remote address
2025-09-04 19:37:56,792(HH:mm:ss.SSS) [main] DEBUG org.apache.hc.client5.http.impl.io.DefaultManagedHttpClientConnection - http-outgoing-2 close connection IMMEDIATE
2025-09-04 19:37:56,793(HH:mm:ss.SSS) [main] DEBUG org.apache.hc.client5.http.impl.classic.InternalHttpClient - ep-0000000003 endpoint closed
2025-09-04 19:37:56,793(HH:mm:ss.SSS) [main] DEBUG org.apache.hc.client5.http.impl.classic.InternalHttpClient - ep-0000000003 discarding endpoint
2025-09-04 19:37:56,794(HH:mm:ss.SSS) [main] DEBUG org.apache.hc.client5.http.impl.io.PoolingHttpClientConnectionManager - ep-0000000003 releasing endpoint
2025-09-04 19:37:56,795(HH:mm:ss.SSS) [main] DEBUG org.apache.hc.client5.http.impl.io.PoolingHttpClientConnectionManager - ep-0000000003 connection is not kept alive)
2025-09-04 19:37:56,798(HH:mm:ss.SSS) [main] DEBUG org.apache.hc.client5.http.impl.io.PoolingHttpClientConnectionManager - ep-0000000003 connection released [route: {s}->[https://msedgedriver.azureedge.net:443]][total available: 1; route allocated: 0 of 5; total allocated: 1 of 25]
2025-09-04 19:37:56,799(HH:mm:ss.SSS) [main] WARN  io.github.bonigarcia.wdm.versions.VersionDetector - Exception reading https://msedgedriver.azureedge.net/LATEST_STABLE to get latest version of msedgedriver (msedgedriver.azureedge.net)
2025-09-04 19:37:56,801(HH:mm:ss.SSS) [main] DEBUG org.apache.hc.client5.http.impl.classic.InternalHttpClient - ex-0000000004 preparing request execution
2025-09-04 19:37:56,802(HH:mm:ss.SSS) [main] DEBUG org.apache.hc.client5.http.impl.classic.ProtocolExec - ex-0000000004 target auth state: UNCHALLENGED
2025-09-04 19:37:56,803(HH:mm:ss.SSS) [main] DEBUG org.apache.hc.client5.http.impl.classic.ProtocolExec - ex-0000000004 proxy auth state: UNCHALLENGED
2025-09-04 19:37:56,806(HH:mm:ss.SSS) [main] DEBUG org.apache.hc.client5.http.impl.classic.ConnectExec - ex-0000000004 acquiring connection with route {s}->[https://msedgedriver.azureedge.net:443]
2025-09-04 19:37:56,807(HH:mm:ss.SSS) [main] DEBUG org.apache.hc.client5.http.impl.classic.InternalHttpClient - ex-0000000004 acquiring endpoint (3 MINUTES)
2025-09-04 19:37:56,808(HH:mm:ss.SSS) [main] DEBUG org.apache.hc.client5.http.impl.io.PoolingHttpClientConnectionManager - ex-0000000004 endpoint lease request (3 MINUTES) [route: {s}->[https://msedgedriver.azureedge.net:443]][total available: 1; route allocated: 0 of 5; total allocated: 1 of 25]
2025-09-04 19:37:56,808(HH:mm:ss.SSS) [main] DEBUG org.apache.hc.client5.http.impl.io.PoolingHttpClientConnectionManager - ex-0000000004 endpoint leased [route: {s}->[https://msedgedriver.azureedge.net:443]][total available: 1; route allocated: 1 of 5; total allocated: 2 of 25]
2025-09-04 19:37:56,809(HH:mm:ss.SSS) [main] DEBUG org.apache.hc.client5.http.impl.io.PoolingHttpClientConnectionManager - ex-0000000004 acquired ep-0000000004
2025-09-04 19:37:56,809(HH:mm:ss.SSS) [main] DEBUG org.apache.hc.client5.http.impl.classic.InternalHttpClient - ex-0000000004 acquired endpoint ep-0000000004
2025-09-04 19:37:56,809(HH:mm:ss.SSS) [main] DEBUG org.apache.hc.client5.http.impl.classic.ConnectExec - ex-0000000004 opening connection {s}->[https://msedgedriver.azureedge.net:443]
2025-09-04 19:37:56,809(HH:mm:ss.SSS) [main] DEBUG org.apache.hc.client5.http.impl.classic.InternalHttpClient - ep-0000000004 connecting endpoint (null)
2025-09-04 19:37:56,810(HH:mm:ss.SSS) [main] DEBUG org.apache.hc.client5.http.impl.io.PoolingHttpClientConnectionManager - ep-0000000004 connecting endpoint to https://msedgedriver.azureedge.net:443 (30 SECONDS)
2025-09-04 19:37:56,810(HH:mm:ss.SSS) [main] DEBUG org.apache.hc.client5.http.impl.io.DefaultHttpClientConnectionOperator - msedgedriver.azureedge.net resolving remote address
2025-09-04 19:37:56,811(HH:mm:ss.SSS) [main] DEBUG org.apache.hc.client5.http.impl.io.DefaultManagedHttpClientConnection - http-outgoing-3 close connection IMMEDIATE
2025-09-04 19:37:56,811(HH:mm:ss.SSS) [main] DEBUG org.apache.hc.client5.http.impl.classic.InternalHttpClient - ep-0000000004 endpoint closed
2025-09-04 19:37:56,812(HH:mm:ss.SSS) [main] DEBUG org.apache.hc.client5.http.impl.classic.InternalHttpClient - ep-0000000004 discarding endpoint
2025-09-04 19:37:56,812(HH:mm:ss.SSS) [main] DEBUG org.apache.hc.client5.http.impl.io.PoolingHttpClientConnectionManager - ep-0000000004 releasing endpoint
2025-09-04 19:37:56,813(HH:mm:ss.SSS) [main] DEBUG org.apache.hc.client5.http.impl.io.PoolingHttpClientConnectionManager - ep-0000000004 connection is not kept alive)
2025-09-04 19:37:56,813(HH:mm:ss.SSS) [main] DEBUG org.apache.hc.client5.http.impl.io.PoolingHttpClientConnectionManager - ep-0000000004 connection released [route: {s}->[https://msedgedriver.azureedge.net:443]][total available: 1; route allocated: 0 of 5; total allocated: 1 of 25]
2025-09-04 19:37:56,814(HH:mm:ss.SSS) [main] WARN  io.github.bonigarcia.wdm.versions.VersionDetector - Exception reading https://msedgedriver.azureedge.net/LATEST_STABLE to get latest version of msedgedriver (msedgedriver.azureedge.net)
2025-09-04 19:37:56,821(HH:mm:ss.SSS) [main] DEBUG io.github.bonigarcia.wdm.WebDriverManager - Using URL built from repository pattern: https://msedgewebdriverstorage.blob.core.windows.net/edgewebdriver//edgedriver_win64.zip
2025-09-04 19:37:56,826(HH:mm:ss.SSS) [main] INFO  io.github.bonigarcia.wdm.WebDriverManager - Reading https://msedgedriver.azureedge.net/?restype=container&comp=list to seek msedgedriver
2025-09-04 19:37:56,840(HH:mm:ss.SSS) [main] DEBUG org.apache.hc.client5.http.impl.classic.InternalHttpClient - ex-0000000005 preparing request execution
2025-09-04 19:37:56,841(HH:mm:ss.SSS) [main] DEBUG org.apache.hc.client5.http.impl.classic.ProtocolExec - ex-0000000005 target auth state: UNCHALLENGED
2025-09-04 19:37:56,841(HH:mm:ss.SSS) [main] DEBUG org.apache.hc.client5.http.impl.classic.ProtocolExec - ex-0000000005 proxy auth state: UNCHALLENGED
2025-09-04 19:37:56,841(HH:mm:ss.SSS) [main] DEBUG org.apache.hc.client5.http.impl.classic.ConnectExec - ex-0000000005 acquiring connection with route {s}->[https://msedgedriver.azureedge.net:443]
2025-09-04 19:37:56,841(HH:mm:ss.SSS) [main] DEBUG org.apache.hc.client5.http.impl.classic.InternalHttpClient - ex-0000000005 acquiring endpoint (3 MINUTES)
2025-09-04 19:37:56,842(HH:mm:ss.SSS) [main] DEBUG org.apache.hc.client5.http.impl.io.PoolingHttpClientConnectionManager - ex-0000000005 endpoint lease request (3 MINUTES) [route: {s}->[https://msedgedriver.azureedge.net:443]][total available: 1; route allocated: 0 of 5; total allocated: 1 of 25]
2025-09-04 19:37:56,842(HH:mm:ss.SSS) [main] DEBUG org.apache.hc.client5.http.impl.io.PoolingHttpClientConnectionManager - ex-0000000005 endpoint leased [route: {s}->[https://msedgedriver.azureedge.net:443]][total available: 1; route allocated: 1 of 5; total allocated: 2 of 25]
2025-09-04 19:37:56,842(HH:mm:ss.SSS) [main] DEBUG org.apache.hc.client5.http.impl.io.PoolingHttpClientConnectionManager - ex-0000000005 acquired ep-0000000005
2025-09-04 19:37:56,843(HH:mm:ss.SSS) [main] DEBUG org.apache.hc.client5.http.impl.classic.InternalHttpClient - ex-0000000005 acquired endpoint ep-0000000005
2025-09-04 19:37:56,843(HH:mm:ss.SSS) [main] DEBUG org.apache.hc.client5.http.impl.classic.ConnectExec - ex-0000000005 opening connection {s}->[https://msedgedriver.azureedge.net:443]
2025-09-04 19:37:56,843(HH:mm:ss.SSS) [main] DEBUG org.apache.hc.client5.http.impl.classic.InternalHttpClient - ep-0000000005 connecting endpoint (null)
2025-09-04 19:37:56,843(HH:mm:ss.SSS) [main] DEBUG org.apache.hc.client5.http.impl.io.PoolingHttpClientConnectionManager - ep-0000000005 connecting endpoint to https://msedgedriver.azureedge.net:443 (30 SECONDS)
2025-09-04 19:37:56,844(HH:mm:ss.SSS) [main] DEBUG org.apache.hc.client5.http.impl.io.DefaultHttpClientConnectionOperator - msedgedriver.azureedge.net resolving remote address
2025-09-04 19:37:56,844(HH:mm:ss.SSS) [main] DEBUG org.apache.hc.client5.http.impl.io.DefaultManagedHttpClientConnection - http-outgoing-4 close connection IMMEDIATE
2025-09-04 19:37:56,844(HH:mm:ss.SSS) [main] DEBUG org.apache.hc.client5.http.impl.classic.InternalHttpClient - ep-0000000005 endpoint closed
2025-09-04 19:37:56,844(HH:mm:ss.SSS) [main] DEBUG org.apache.hc.client5.http.impl.classic.InternalHttpClient - ep-0000000005 discarding endpoint
2025-09-04 19:37:56,845(HH:mm:ss.SSS) [main] DEBUG org.apache.hc.client5.http.impl.io.PoolingHttpClientConnectionManager - ep-0000000005 releasing endpoint
2025-09-04 19:37:56,845(HH:mm:ss.SSS) [main] DEBUG org.apache.hc.client5.http.impl.io.PoolingHttpClientConnectionManager - ep-0000000005 connection is not kept alive)
2025-09-04 19:37:56,846(HH:mm:ss.SSS) [main] DEBUG org.apache.hc.client5.http.impl.io.PoolingHttpClientConnectionManager - ep-0000000005 connection released [route: {s}->[https://msedgedriver.azureedge.net:443]][total available: 1; route allocated: 0 of 5; total allocated: 1 of 25]
2025-09-04 19:37:56,849(HH:mm:ss.SSS) [main] WARN  io.github.bonigarcia.wdm.WebDriverManager - There was an error managing msedgedriver (latest version) (java.net.UnknownHostException: msedgedriver.azureedge.net) ... trying again using latest driver stored in cache
2025-09-04 19:37:56,858(HH:mm:ss.SSS) [main] DEBUG io.github.bonigarcia.wdm.WebDriverManager - The driver version for EDGE is unknown ... trying with latest
2025-09-04 19:37:56,861(HH:mm:ss.SSS) [main] DEBUG org.apache.hc.client5.http.impl.classic.InternalHttpClient - ex-0000000006 preparing request execution
2025-09-04 19:37:56,862(HH:mm:ss.SSS) [main] DEBUG org.apache.hc.client5.http.impl.classic.ProtocolExec - ex-0000000006 target auth state: UNCHALLENGED
2025-09-04 19:37:56,862(HH:mm:ss.SSS) [main] DEBUG org.apache.hc.client5.http.impl.classic.ProtocolExec - ex-0000000006 proxy auth state: UNCHALLENGED
2025-09-04 19:37:56,862(HH:mm:ss.SSS) [main] DEBUG org.apache.hc.client5.http.impl.classic.ConnectExec - ex-0000000006 acquiring connection with route {s}->[https://msedgedriver.azureedge.net:443]
2025-09-04 19:37:56,862(HH:mm:ss.SSS) [main] DEBUG org.apache.hc.client5.http.impl.classic.InternalHttpClient - ex-0000000006 acquiring endpoint (3 MINUTES)
2025-09-04 19:37:56,863(HH:mm:ss.SSS) [main] DEBUG org.apache.hc.client5.http.impl.io.PoolingHttpClientConnectionManager - ex-0000000006 endpoint lease request (3 MINUTES) [route: {s}->[https://msedgedriver.azureedge.net:443]][total available: 1; route allocated: 0 of 5; total allocated: 1 of 25]
2025-09-04 19:37:56,863(HH:mm:ss.SSS) [main] DEBUG org.apache.hc.client5.http.impl.io.PoolingHttpClientConnectionManager - ex-0000000006 endpoint leased [route: {s}->[https://msedgedriver.azureedge.net:443]][total available: 1; route allocated: 1 of 5; total allocated: 2 of 25]
2025-09-04 19:37:56,864(HH:mm:ss.SSS) [main] DEBUG org.apache.hc.client5.http.impl.io.PoolingHttpClientConnectionManager - ex-0000000006 acquired ep-0000000006
2025-09-04 19:37:56,864(HH:mm:ss.SSS) [main] DEBUG org.apache.hc.client5.http.impl.classic.InternalHttpClient - ex-0000000006 acquired endpoint ep-0000000006
2025-09-04 19:37:56,865(HH:mm:ss.SSS) [main] DEBUG org.apache.hc.client5.http.impl.classic.ConnectExec - ex-0000000006 opening connection {s}->[https://msedgedriver.azureedge.net:443]
2025-09-04 19:37:56,866(HH:mm:ss.SSS) [main] DEBUG org.apache.hc.client5.http.impl.classic.InternalHttpClient - ep-0000000006 connecting endpoint (null)
2025-09-04 19:37:56,866(HH:mm:ss.SSS) [main] DEBUG org.apache.hc.client5.http.impl.io.PoolingHttpClientConnectionManager - ep-0000000006 connecting endpoint to https://msedgedriver.azureedge.net:443 (30 SECONDS)
2025-09-04 19:37:56,866(HH:mm:ss.SSS) [main] DEBUG org.apache.hc.client5.http.impl.io.DefaultHttpClientConnectionOperator - msedgedriver.azureedge.net resolving remote address
2025-09-04 19:37:56,866(HH:mm:ss.SSS) [main] DEBUG org.apache.hc.client5.http.impl.io.DefaultManagedHttpClientConnection - http-outgoing-5 close connection IMMEDIATE
2025-09-04 19:37:56,866(HH:mm:ss.SSS) [main] DEBUG org.apache.hc.client5.http.impl.classic.InternalHttpClient - ep-0000000006 endpoint closed
2025-09-04 19:37:56,867(HH:mm:ss.SSS) [main] DEBUG org.apache.hc.client5.http.impl.classic.InternalHttpClient - ep-0000000006 discarding endpoint
2025-09-04 19:37:56,869(HH:mm:ss.SSS) [main] DEBUG org.apache.hc.client5.http.impl.io.PoolingHttpClientConnectionManager - ep-0000000006 releasing endpoint
2025-09-04 19:37:56,869(HH:mm:ss.SSS) [main] DEBUG org.apache.hc.client5.http.impl.io.PoolingHttpClientConnectionManager - ep-0000000006 connection is not kept alive)
2025-09-04 19:37:56,870(HH:mm:ss.SSS) [main] DEBUG org.apache.hc.client5.http.impl.io.PoolingHttpClientConnectionManager - ep-0000000006 connection released [route: {s}->[https://msedgedriver.azureedge.net:443]][total available: 1; route allocated: 0 of 5; total allocated: 1 of 25]
2025-09-04 19:37:56,870(HH:mm:ss.SSS) [main] WARN  io.github.bonigarcia.wdm.versions.VersionDetector - Exception reading https://msedgedriver.azureedge.net/LATEST_STABLE to get latest version of msedgedriver (msedgedriver.azureedge.net)
2025-09-04 19:37:56,870(HH:mm:ss.SSS) [main] DEBUG org.apache.hc.client5.http.impl.classic.InternalHttpClient - ex-0000000007 preparing request execution
2025-09-04 19:37:56,870(HH:mm:ss.SSS) [main] DEBUG org.apache.hc.client5.http.impl.classic.ProtocolExec - ex-0000000007 target auth state: UNCHALLENGED
2025-09-04 19:37:56,871(HH:mm:ss.SSS) [main] DEBUG org.apache.hc.client5.http.impl.classic.ProtocolExec - ex-0000000007 proxy auth state: UNCHALLENGED
2025-09-04 19:37:56,871(HH:mm:ss.SSS) [main] DEBUG org.apache.hc.client5.http.impl.classic.ConnectExec - ex-0000000007 acquiring connection with route {s}->[https://msedgedriver.azureedge.net:443]
2025-09-04 19:37:56,871(HH:mm:ss.SSS) [main] DEBUG org.apache.hc.client5.http.impl.classic.InternalHttpClient - ex-0000000007 acquiring endpoint (3 MINUTES)
2025-09-04 19:37:56,872(HH:mm:ss.SSS) [main] DEBUG org.apache.hc.client5.http.impl.io.PoolingHttpClientConnectionManager - ex-0000000007 endpoint lease request (3 MINUTES) [route: {s}->[https://msedgedriver.azureedge.net:443]][total available: 1; route allocated: 0 of 5; total allocated: 1 of 25]
2025-09-04 19:37:56,873(HH:mm:ss.SSS) [main] DEBUG org.apache.hc.client5.http.impl.io.PoolingHttpClientConnectionManager - ex-0000000007 endpoint leased [route: {s}->[https://msedgedriver.azureedge.net:443]][total available: 1; route allocated: 1 of 5; total allocated: 2 of 25]
2025-09-04 19:37:56,873(HH:mm:ss.SSS) [main] DEBUG org.apache.hc.client5.http.impl.io.PoolingHttpClientConnectionManager - ex-0000000007 acquired ep-0000000007
2025-09-04 19:37:56,873(HH:mm:ss.SSS) [main] DEBUG org.apache.hc.client5.http.impl.classic.InternalHttpClient - ex-0000000007 acquired endpoint ep-0000000007
2025-09-04 19:37:56,874(HH:mm:ss.SSS) [main] DEBUG org.apache.hc.client5.http.impl.classic.ConnectExec - ex-0000000007 opening connection {s}->[https://msedgedriver.azureedge.net:443]
2025-09-04 19:37:56,875(HH:mm:ss.SSS) [main] DEBUG org.apache.hc.client5.http.impl.classic.InternalHttpClient - ep-0000000007 connecting endpoint (null)
2025-09-04 19:37:56,875(HH:mm:ss.SSS) [main] DEBUG org.apache.hc.client5.http.impl.io.PoolingHttpClientConnectionManager - ep-0000000007 connecting endpoint to https://msedgedriver.azureedge.net:443 (30 SECONDS)
2025-09-04 19:37:56,875(HH:mm:ss.SSS) [main] DEBUG org.apache.hc.client5.http.impl.io.DefaultHttpClientConnectionOperator - msedgedriver.azureedge.net resolving remote address
2025-09-04 19:37:56,875(HH:mm:ss.SSS) [main] DEBUG org.apache.hc.client5.http.impl.io.DefaultManagedHttpClientConnection - http-outgoing-6 close connection IMMEDIATE
2025-09-04 19:37:56,875(HH:mm:ss.SSS) [main] DEBUG org.apache.hc.client5.http.impl.classic.InternalHttpClient - ep-0000000007 endpoint closed
2025-09-04 19:37:56,875(HH:mm:ss.SSS) [main] DEBUG org.apache.hc.client5.http.impl.classic.InternalHttpClient - ep-0000000007 discarding endpoint
2025-09-04 19:37:56,875(HH:mm:ss.SSS) [main] DEBUG org.apache.hc.client5.http.impl.io.PoolingHttpClientConnectionManager - ep-0000000007 releasing endpoint
2025-09-04 19:37:56,875(HH:mm:ss.SSS) [main] DEBUG org.apache.hc.client5.http.impl.io.PoolingHttpClientConnectionManager - ep-0000000007 connection is not kept alive)
2025-09-04 19:37:56,875(HH:mm:ss.SSS) [main] DEBUG org.apache.hc.client5.http.impl.io.PoolingHttpClientConnectionManager - ep-0000000007 connection released [route: {s}->[https://msedgedriver.azureedge.net:443]][total available: 1; route allocated: 0 of 5; total allocated: 1 of 25]
2025-09-04 19:37:56,877(HH:mm:ss.SSS) [main] WARN  io.github.bonigarcia.wdm.versions.VersionDetector - Exception reading https://msedgedriver.azureedge.net/LATEST_STABLE to get latest version of msedgedriver (msedgedriver.azureedge.net)
2025-09-04 19:37:56,880(HH:mm:ss.SSS) [main] DEBUG io.github.bonigarcia.wdm.WebDriverManager - Using URL built from repository pattern: https://msedgewebdriverstorage.blob.core.windows.net/edgewebdriver//edgedriver_win64.zip
2025-09-04 19:37:56,882(HH:mm:ss.SSS) [main] INFO  io.github.bonigarcia.wdm.WebDriverManager - Reading https://msedgedriver.azureedge.net/?restype=container&comp=list to seek msedgedriver
2025-09-04 19:37:56,890(HH:mm:ss.SSS) [main] DEBUG org.apache.hc.client5.http.impl.classic.InternalHttpClient - ex-0000000008 preparing request execution
2025-09-04 19:37:56,891(HH:mm:ss.SSS) [main] DEBUG org.apache.hc.client5.http.impl.classic.ProtocolExec - ex-0000000008 target auth state: UNCHALLENGED
2025-09-04 19:37:56,891(HH:mm:ss.SSS) [main] DEBUG org.apache.hc.client5.http.impl.classic.ProtocolExec - ex-0000000008 proxy auth state: UNCHALLENGED
2025-09-04 19:37:56,891(HH:mm:ss.SSS) [main] DEBUG org.apache.hc.client5.http.impl.classic.ConnectExec - ex-0000000008 acquiring connection with route {s}->[https://msedgedriver.azureedge.net:443]
2025-09-04 19:37:56,891(HH:mm:ss.SSS) [main] DEBUG org.apache.hc.client5.http.impl.classic.InternalHttpClient - ex-0000000008 acquiring endpoint (3 MINUTES)
2025-09-04 19:37:56,892(HH:mm:ss.SSS) [main] DEBUG org.apache.hc.client5.http.impl.io.PoolingHttpClientConnectionManager - ex-0000000008 endpoint lease request (3 MINUTES) [route: {s}->[https://msedgedriver.azureedge.net:443]][total available: 1; route allocated: 0 of 5; total allocated: 1 of 25]
